# JRE version: Java(TM) SE Runtime Environment 18.9 (11.0.18+9) (build 11.0.18+9-LTS-195)
# Java VM: Java HotSpot(TM) 64-Bit Server VM 18.9 (11.0.18+9-LTS-195, mixed mode, tiered, compressed oops, g1 gc, windows-amd64)
Heap:
 garbage-first heap   total 227328K, used 112943K [0x0000000080000000, 0x0000000100000000)
  region size 1024K, 92 young (94208K), 6 survivors (6144K)
 Metaspace       used 40686K, capacity 41714K, committed 41984K, reserved 552960K
  class space    used 5174K, capacity 5593K, committed 5632K, reserved 516096K
GC Heap History (10 events):
Event: 2.168 GC heap before
{Heap before GC invocations=0 (full 0):
 garbage-first heap   total 227328K, used 27648K [0x0000000080000000, 0x0000000100000000)
  region size 1024K, 24 young (24576K), 0 survivors (0K)
 Metaspace       used 9947K, capacity 10146K, committed 10368K, reserved 526336K
  class space    used 1030K, capacity 1106K, committed 1152K, reserved 516096K
}
Event: 2.200 GC heap after
{Heap after GC invocations=1 (full 0):
 garbage-first heap   total 227328K, used 10576K [0x0000000080000000, 0x0000000100000000)
  region size 1024K, 3 young (3072K), 3 survivors (3072K)
 Metaspace       used 9947K, capacity 10146K, committed 10368K, reserved 526336K
  class space    used 1030K, capacity 1106K, committed 1152K, reserved 516096K
}
Event: 7.345 GC heap before
{Heap before GC invocations=1 (full 0):
 garbage-first heap   total 227328K, used 105808K [0x0000000080000000, 0x0000000100000000)
  region size 1024K, 96 young (98304K), 3 survivors (3072K)
 Metaspace       used 20723K, capacity 21176K, committed 21296K, reserved 536576K
  class space    used 2514K, capacity 2688K, committed 2688K, reserved 516096K
}
Event: 7.390 GC heap after
{Heap after GC invocations=2 (full 0):
 garbage-first heap   total 227328K, used 18288K [0x0000000080000000, 0x0000000100000000)
  region size 1024K, 11 young (11264K), 11 survivors (11264K)
 Metaspace       used 20723K, capacity 21176K, committed 21296K, reserved 536576K
  class space    used 2514K, capacity 2688K, committed 2688K, reserved 516096K
}
Event: 9.235 GC heap before
{Heap before GC invocations=3 (full 0):
 garbage-first heap   total 227328K, used 39792K [0x0000000080000000, 0x0000000100000000)
  region size 1024K, 32 young (32768K), 11 survivors (11264K)
 Metaspace       used 23084K, capacity 23643K, committed 23936K, reserved 538624K
  class space    used 2898K, capacity 3111K, committed 3200K, reserved 516096K
}
Event: 9.240 GC heap after
{Heap after GC invocations=4 (full 0):
 garbage-first heap   total 227328K, used 19393K [0x0000000080000000, 0x0000000100000000)
  region size 1024K, 2 young (2048K), 2 survivors (2048K)
 Metaspace       used 23084K, capacity 23643K, committed 23936K, reserved 538624K
  class space    used 2898K, capacity 3111K, committed 3200K, reserved 516096K
}
Event: 12.319 GC heap before
{Heap before GC invocations=4 (full 0):
 garbage-first heap   total 227328K, used 117697K [0x0000000080000000, 0x0000000100000000)
  region size 1024K, 98 young (100352K), 2 survivors (2048K)
 Metaspace       used 31780K, capacity 32509K, committed 32768K, reserved 544768K
  class space    used 4253K, capacity 4545K, committed 4608K, reserved 516096K
}
Event: 12.322 GC heap after
{Heap after GC invocations=5 (full 0):
 garbage-first heap   total 227328K, used 22142K [0x0000000080000000, 0x0000000100000000)
  region size 1024K, 4 young (4096K), 4 survivors (4096K)
 Metaspace       used 31780K, capacity 32509K, committed 32768K, reserved 544768K
  class space    used 4253K, capacity 4545K, committed 4608K, reserved 516096K
}
Event: 12.646 GC heap before
{Heap before GC invocations=5 (full 0):
 garbage-first heap   total 227328K, used 31358K [0x0000000080000000, 0x0000000100000000)
  region size 1024K, 14 young (14336K), 4 survivors (4096K)
 Metaspace       used 35003K, capacity 35838K, committed 35968K, reserved 548864K
  class space    used 4543K, capacity 4912K, committed 4992K, reserved 516096K
}
Event: 12.651 GC heap after
{Heap after GC invocations=6 (full 0):
 garbage-first heap   total 227328K, used 23855K [0x0000000080000000, 0x0000000100000000)
  region size 1024K, 6 young (6144K), 6 survivors (6144K)
 Metaspace       used 35003K, capacity 35838K, committed 35968K, reserved 548864K
  class space    used 4543K, capacity 4912K, committed 4992K, reserved 516096K
}

